2025-03-14 12:41:57,983 - novamodelisapp - INFO - Created placeholder logo at src\resources\icons\logo.png
2025-03-14 12:41:57,985 - novamodelisapp - INFO - Created placeholder icon at src\resources\icons\dashboard.png
2025-03-14 12:41:57,987 - novamodelisapp - INFO - Created placeholder icon at src\resources\icons\printer.png
2025-03-14 12:41:57,988 - novamodelisapp - INFO - Created placeholder icon at src\resources\icons\customer.png
2025-03-14 12:41:57,989 - novamodelisapp - INFO - Created placeholder icon at src\resources\icons\order.png
2025-03-14 12:41:57,990 - novamodelisapp - INFO - Created placeholder icon at src\resources\icons\settings.png
2025-03-14 12:41:57,992 - novamodelisapp - INFO - Created placeholder icon at src\resources\icons\user.png
2025-03-14 12:41:57,994 - novamodelisapp - INFO - Created placeholder icon at src\resources\icons\logout.png
2025-03-14 12:41:57,995 - novamodelisapp - INFO - Created placeholder icon at src\resources\icons\add.png
2025-03-14 12:41:57,997 - novamodelisapp - INFO - Created placeholder icon at src\resources\icons\edit.png
2025-03-14 12:41:57,998 - novamodelisapp - INFO - Created placeholder icon at src\resources\icons\delete.png
2025-03-14 12:41:58,000 - novamodelisapp - INFO - Created placeholder icon at src\resources\icons\view.png
2025-03-14 12:41:58,002 - novamodelisapp - INFO - Created placeholder icon at src\resources\icons\refresh.png
2025-03-14 12:41:58,004 - novamodelisapp - INFO - Created placeholder icon at src\resources\icons\save.png
2025-03-14 12:41:58,005 - novamodelisapp - INFO - Created placeholder icon at src\resources\icons\email.png
2025-03-14 12:41:58,006 - novamodelisapp - INFO - Created placeholder icon at src\resources\icons\reply.png
2025-03-14 12:41:58,010 - novamodelisapp - INFO - Created placeholder icon at src\resources\icons\revenue.png
2025-03-21 18:30:34,962 - novamodelisapp - INFO - Application starting at 2025-03-21 18:30:34.962862
2025-03-21 18:30:35,365 - novamodelisapp - INFO - Application initialized successfully
2025-03-21 18:30:35,711 - novamodelisapp - INFO - Application started in 0.75 seconds
2025-03-21 18:30:52,278 - novamodelisapp - INFO - Main window shown for user OGo
2025-03-21 18:40:53,545 - novamodelisapp - INFO - Application starting at 2025-03-21 18:40:53.545153
2025-03-21 18:40:53,939 - novamodelisapp - INFO - Application initialized successfully
2025-03-21 18:40:54,630 - novamodelisapp - INFO - Application started in 1.09 seconds
2025-03-21 18:41:09,289 - novamodelisapp - INFO - Main window shown for user OGo
2025-03-21 21:35:17,623 - novamodelisapp - INFO - Application starting at 2025-03-21 21:35:17.623973
2025-03-21 21:35:19,043 - novamodelisapp - INFO - Application initialized successfully
2025-03-21 21:35:21,153 - novamodelisapp - INFO - Application started in 3.53 seconds
2025-03-21 21:35:59,148 - novamodelisapp - INFO - Main window shown for user OGo
2025-03-21 21:40:24,275 - novamodelisapp - INFO - Application starting at 2025-03-21 21:40:24.275166
2025-03-21 21:40:24,763 - novamodelisapp - INFO - Application initialized successfully
2025-03-21 21:40:25,303 - novamodelisapp - INFO - Application started in 1.03 seconds
2025-03-21 21:40:50,426 - novamodelisapp - INFO - Main window shown for user OGo
2025-03-21 22:29:15,610 - novamodelisapp - INFO - Application starting at 2025-03-21 22:29:15.610686
2025-03-21 22:29:16,363 - novamodelisapp - INFO - Application initialized successfully
2025-03-21 22:29:17,048 - novamodelisapp - INFO - Application started in 1.44 seconds
2025-03-21 22:29:52,749 - novamodelisapp - INFO - Main window shown for user OGo
2025-03-21 22:46:58,049 - novamodelisapp - INFO - Application starting at 2025-03-21 22:46:58.049224
2025-03-21 22:46:58,541 - novamodelisapp - INFO - Application initialized successfully
2025-03-21 22:46:58,982 - novamodelisapp - INFO - Application started in 0.93 seconds
2025-03-21 22:47:35,918 - novamodelisapp - INFO - Main window shown for user OGo
2025-03-22 13:57:24,046 - novamodelisapp - INFO - Application starting at 2025-03-22 13:57:24.046006
2025-03-22 13:57:25,103 - novamodelisapp - INFO - Application initialized successfully
2025-03-22 13:57:26,963 - novamodelisapp - INFO - Application started in 2.92 seconds
2025-03-22 13:57:46,122 - novamodelisapp - INFO - Main window shown for user OGo
2025-03-24 09:45:08,860 - novamodelisapp - INFO - Application starting at 2025-03-24 09:45:08.860504
2025-03-24 09:45:10,140 - novamodelisapp - INFO - Application initialized successfully
2025-03-24 09:45:12,531 - novamodelisapp - INFO - Application started in 3.67 seconds
2025-03-24 09:45:24,278 - novamodelisapp - INFO - Main window shown for user OGo
2025-03-24 10:33:48,300 - novamodelisapp - INFO - Application starting at 2025-03-24 10:33:48.299238
2025-03-24 10:33:48,839 - novamodelisapp - INFO - Application initialized successfully
2025-03-24 10:33:49,450 - novamodelisapp - INFO - Application started in 1.15 seconds
2025-03-24 10:34:02,928 - novamodelisapp - INFO - Main window shown for user OGo
2025-03-24 10:41:58,816 - novamodelisapp - INFO - Application starting at 2025-03-24 10:41:58.816778
2025-03-24 10:41:59,205 - novamodelisapp - INFO - Application initialized successfully
2025-03-24 10:41:59,763 - novamodelisapp - INFO - Application started in 0.95 seconds
2025-03-24 10:42:18,788 - novamodelisapp - INFO - Main window shown for user OGo
2025-03-24 11:01:21,305 - novamodelisapp - INFO - Application starting at 2025-03-24 11:01:21.305054
2025-03-24 11:01:22,043 - novamodelisapp - INFO - Application initialized successfully
2025-03-24 11:01:22,559 - novamodelisapp - INFO - Application started in 1.25 seconds
2025-03-24 11:01:33,440 - novamodelisapp - INFO - Main window shown for user OGo
2025-03-24 11:52:00,873 - novamodelisapp - INFO - Application starting at 2025-03-24 11:52:00.872807
2025-03-24 11:52:01,560 - novamodelisapp - INFO - Application initialized successfully
2025-03-24 11:52:02,102 - novamodelisapp - INFO - Application started in 1.23 seconds
2025-03-24 11:52:15,681 - novamodelisapp - INFO - Main window shown for user OGo
2025-03-24 11:53:59,455 - novamodelisapp - INFO - Application starting at 2025-03-24 11:53:59.455700
2025-03-24 11:53:59,836 - novamodelisapp - INFO - Application initialized successfully
2025-03-24 11:54:00,477 - novamodelisapp - INFO - Application started in 1.02 seconds
2025-03-24 11:54:26,923 - novamodelisapp - INFO - Main window shown for user OGo
2025-03-24 12:02:57,081 - novamodelisapp - INFO - Application starting at 2025-03-24 12:02:57.081246
2025-03-24 12:02:57,297 - novamodelisapp - INFO - Application initialized successfully
2025-03-24 12:02:58,143 - novamodelisapp - INFO - Application started in 1.06 seconds
2025-03-24 12:03:32,447 - novamodelisapp - INFO - Main window shown for user OGo
2025-03-24 12:10:03,033 - novamodelisapp - INFO - Application starting at 2025-03-24 12:10:03.033746
2025-03-24 12:10:03,320 - novamodelisapp - INFO - Application initialized successfully
2025-03-24 12:10:04,152 - novamodelisapp - INFO - Application started in 1.12 seconds
2025-03-24 12:10:37,212 - novamodelisapp - INFO - Main window shown for user OGo
2025-03-24 13:52:08,332 - novamodelisapp - INFO - Application starting at 2025-03-24 13:52:08.332765
2025-03-24 13:52:08,578 - novamodelisapp - INFO - Application initialized successfully
2025-03-24 13:52:09,407 - novamodelisapp - INFO - Application started in 1.07 seconds
2025-03-24 13:52:24,577 - novamodelisapp - INFO - Main window shown for user OGo
